The system is: Linux - 3.13.0-40-generic - x86_64
Compiling the C compiler identification source file "CMakeCCompilerId.c" succeeded.
Compiler: /usr/bin/cc 
Build flags: 
Id flags: 

The output was:
0


Compilation of the C compiler identification source "CMakeCCompilerId.c" produced "a.out"

The C compiler identification is GNU, found in "/home/mathieu/Documents/Fac/TP/TGESI/build-mitsuba-Desktop-Default/CMakeFiles/2.8.12.2/CompilerIdC/a.out"

Compiling the CXX compiler identification source file "CMakeCXXCompilerId.cpp" succeeded.
Compiler: /usr/bin/c++ 
Build flags: 
Id flags: 

The output was:
0


Compilation of the CXX compiler identification source "CMakeCXXCompilerId.cpp" produced "a.out"

The CXX compiler identification is GNU, found in "/home/mathieu/Documents/Fac/TP/TGESI/build-mitsuba-Desktop-Default/CMakeFiles/2.8.12.2/CompilerIdCXX/a.out"

Determining if the C compiler works passed with the following output:
Change Dir: /home/mathieu/Documents/Fac/TP/TGESI/build-mitsuba-Desktop-Default/CMakeFiles/CMakeTmp

Run Build Command:/usr/bin/make "cmTryCompileExec1440407108/fast"
/usr/bin/make -f CMakeFiles/cmTryCompileExec1440407108.dir/build.make CMakeFiles/cmTryCompileExec1440407108.dir/build
make[1]: entrant dans le répertoire « /home/mathieu/Documents/Fac/TP/TGESI/build-mitsuba-Desktop-Default/CMakeFiles/CMakeTmp »
/usr/bin/cmake -E cmake_progress_report /home/mathieu/Documents/Fac/TP/TGESI/build-mitsuba-Desktop-Default/CMakeFiles/CMakeTmp/CMakeFiles 1
Building C object CMakeFiles/cmTryCompileExec1440407108.dir/testCCompiler.c.o
/usr/bin/cc    -o CMakeFiles/cmTryCompileExec1440407108.dir/testCCompiler.c.o   -c /home/mathieu/Documents/Fac/TP/TGESI/build-mitsuba-Desktop-Default/CMakeFiles/CMakeTmp/testCCompiler.c
Linking C executable cmTryCompileExec1440407108
/usr/bin/cmake -E cmake_link_script CMakeFiles/cmTryCompileExec1440407108.dir/link.txt --verbose=1
/usr/bin/cc       CMakeFiles/cmTryCompileExec1440407108.dir/testCCompiler.c.o  -o cmTryCompileExec1440407108 -rdynamic 
make[1]: quittant le répertoire « /home/mathieu/Documents/Fac/TP/TGESI/build-mitsuba-Desktop-Default/CMakeFiles/CMakeTmp »


Detecting C compiler ABI info compiled with the following output:
Change Dir: /home/mathieu/Documents/Fac/TP/TGESI/build-mitsuba-Desktop-Default/CMakeFiles/CMakeTmp

Run Build Command:/usr/bin/make "cmTryCompileExec2537712738/fast"
/usr/bin/make -f CMakeFiles/cmTryCompileExec2537712738.dir/build.make CMakeFiles/cmTryCompileExec2537712738.dir/build
make[1]: entrant dans le répertoire « /home/mathieu/Documents/Fac/TP/TGESI/build-mitsuba-Desktop-Default/CMakeFiles/CMakeTmp »
/usr/bin/cmake -E cmake_progress_report /home/mathieu/Documents/Fac/TP/TGESI/build-mitsuba-Desktop-Default/CMakeFiles/CMakeTmp/CMakeFiles 1
Building C object CMakeFiles/cmTryCompileExec2537712738.dir/CMakeCCompilerABI.c.o
/usr/bin/cc    -o CMakeFiles/cmTryCompileExec2537712738.dir/CMakeCCompilerABI.c.o   -c /usr/share/cmake-2.8/Modules/CMakeCCompilerABI.c
Linking C executable cmTryCompileExec2537712738
/usr/bin/cmake -E cmake_link_script CMakeFiles/cmTryCompileExec2537712738.dir/link.txt --verbose=1
/usr/bin/cc     -v CMakeFiles/cmTryCompileExec2537712738.dir/CMakeCCompilerABI.c.o  -o cmTryCompileExec2537712738 -rdynamic  
Using built-in specs.
COLLECT_GCC=/usr/bin/cc
COLLECT_LTO_WRAPPER=/usr/lib/gcc/x86_64-linux-gnu/4.8/lto-wrapper
Target: x86_64-linux-gnu
Configured with: ../src/configure -v --with-pkgversion='Ubuntu 4.8.2-19ubuntu1' --with-bugurl=file:///usr/share/doc/gcc-4.8/README.Bugs --enable-languages=c,c++,java,go,d,fortran,objc,obj-c++ --prefix=/usr --program-suffix=-4.8 --enable-shared --enable-linker-build-id --libexecdir=/usr/lib --without-included-gettext --enable-threads=posix --with-gxx-include-dir=/usr/include/c++/4.8 --libdir=/usr/lib --enable-nls --with-sysroot=/ --enable-clocale=gnu --enable-libstdcxx-debug --enable-libstdcxx-time=yes --enable-gnu-unique-object --disable-libmudflap --enable-plugin --with-system-zlib --disable-browser-plugin --enable-java-awt=gtk --enable-gtk-cairo --with-java-home=/usr/lib/jvm/java-1.5.0-gcj-4.8-amd64/jre --enable-java-home --with-jvm-root-dir=/usr/lib/jvm/java-1.5.0-gcj-4.8-amd64 --with-jvm-jar-dir=/usr/lib/jvm-exports/java-1.5.0-gcj-4.8-amd64 --with-arch-directory=amd64 --with-ecj-jar=/usr/share/java/eclipse-ecj.jar --enable-objc-gc --enable-multiarch --disable-werror --with-arch-32=i686 --with-abi=m64 --with-multilib-list=m32,m64,mx32 --with-tune=generic --enable-checking=release --build=x86_64-linux-gnu --host=x86_64-linux-gnu --target=x86_64-linux-gnu
Thread model: posix
gcc version 4.8.2 (Ubuntu 4.8.2-19ubuntu1) 
COMPILER_PATH=/usr/lib/gcc/x86_64-linux-gnu/4.8/:/usr/lib/gcc/x86_64-linux-gnu/4.8/:/usr/lib/gcc/x86_64-linux-gnu/:/usr/lib/gcc/x86_64-linux-gnu/4.8/:/usr/lib/gcc/x86_64-linux-gnu/
LIBRARY_PATH=/usr/lib/gcc/x86_64-linux-gnu/4.8/:/usr/lib/gcc/x86_64-linux-gnu/4.8/../../../x86_64-linux-gnu/:/usr/lib/gcc/x86_64-linux-gnu/4.8/../../../../lib/:/lib/x86_64-linux-gnu/:/lib/../lib/:/usr/lib/x86_64-linux-gnu/:/usr/lib/../lib/:/usr/lib/gcc/x86_64-linux-gnu/4.8/../../../:/lib/:/usr/lib/
COLLECT_GCC_OPTIONS='-v' '-o' 'cmTryCompileExec2537712738' '-rdynamic' '-mtune=generic' '-march=x86-64'
 /usr/lib/gcc/x86_64-linux-gnu/4.8/collect2 --sysroot=/ --build-id --eh-frame-hdr -m elf_x86_64 --hash-style=gnu --as-needed -export-dynamic -dynamic-linker /lib64/ld-linux-x86-64.so.2 -z relro -o cmTryCompileExec2537712738 /usr/lib/gcc/x86_64-linux-gnu/4.8/../../../x86_64-linux-gnu/crt1.o /usr/lib/gcc/x86_64-linux-gnu/4.8/../../../x86_64-linux-gnu/crti.o /usr/lib/gcc/x86_64-linux-gnu/4.8/crtbegin.o -L/usr/lib/gcc/x86_64-linux-gnu/4.8 -L/usr/lib/gcc/x86_64-linux-gnu/4.8/../../../x86_64-linux-gnu -L/usr/lib/gcc/x86_64-linux-gnu/4.8/../../../../lib -L/lib/x86_64-linux-gnu -L/lib/../lib -L/usr/lib/x86_64-linux-gnu -L/usr/lib/../lib -L/usr/lib/gcc/x86_64-linux-gnu/4.8/../../.. CMakeFiles/cmTryCompileExec2537712738.dir/CMakeCCompilerABI.c.o -lgcc --as-needed -lgcc_s --no-as-needed -lc -lgcc --as-needed -lgcc_s --no-as-needed /usr/lib/gcc/x86_64-linux-gnu/4.8/crtend.o /usr/lib/gcc/x86_64-linux-gnu/4.8/../../../x86_64-linux-gnu/crtn.o
make[1]: quittant le répertoire « /home/mathieu/Documents/Fac/TP/TGESI/build-mitsuba-Desktop-Default/CMakeFiles/CMakeTmp »


Parsed C implicit link information from above output:
  link line regex: [^( *|.*[/\])(ld|([^/\]+-)?ld|collect2)[^/\]*( |$)]
  ignore line: [Change Dir: /home/mathieu/Documents/Fac/TP/TGESI/build-mitsuba-Desktop-Default/CMakeFiles/CMakeTmp]
  ignore line: []
  ignore line: [Run Build Command:/usr/bin/make "cmTryCompileExec2537712738/fast"]
  ignore line: [/usr/bin/make -f CMakeFiles/cmTryCompileExec2537712738.dir/build.make CMakeFiles/cmTryCompileExec2537712738.dir/build]
  ignore line: [make[1]: entrant dans le répertoire « /home/mathieu/Documents/Fac/TP/TGESI/build-mitsuba-Desktop-Default/CMakeFiles/CMakeTmp »]
  ignore line: [/usr/bin/cmake -E cmake_progress_report /home/mathieu/Documents/Fac/TP/TGESI/build-mitsuba-Desktop-Default/CMakeFiles/CMakeTmp/CMakeFiles 1]
  ignore line: [Building C object CMakeFiles/cmTryCompileExec2537712738.dir/CMakeCCompilerABI.c.o]
  ignore line: [/usr/bin/cc    -o CMakeFiles/cmTryCompileExec2537712738.dir/CMakeCCompilerABI.c.o   -c /usr/share/cmake-2.8/Modules/CMakeCCompilerABI.c]
  ignore line: [Linking C executable cmTryCompileExec2537712738]
  ignore line: [/usr/bin/cmake -E cmake_link_script CMakeFiles/cmTryCompileExec2537712738.dir/link.txt --verbose=1]
  ignore line: [/usr/bin/cc     -v CMakeFiles/cmTryCompileExec2537712738.dir/CMakeCCompilerABI.c.o  -o cmTryCompileExec2537712738 -rdynamic  ]
  ignore line: [Using built-in specs.]
  ignore line: [COLLECT_GCC=/usr/bin/cc]
  ignore line: [COLLECT_LTO_WRAPPER=/usr/lib/gcc/x86_64-linux-gnu/4.8/lto-wrapper]
  ignore line: [Target: x86_64-linux-gnu]
  ignore line: [Configured with: ../src/configure -v --with-pkgversion='Ubuntu 4.8.2-19ubuntu1' --with-bugurl=file:///usr/share/doc/gcc-4.8/README.Bugs --enable-languages=c,c++,java,go,d,fortran,objc,obj-c++ --prefix=/usr --program-suffix=-4.8 --enable-shared --enable-linker-build-id --libexecdir=/usr/lib --without-included-gettext --enable-threads=posix --with-gxx-include-dir=/usr/include/c++/4.8 --libdir=/usr/lib --enable-nls --with-sysroot=/ --enable-clocale=gnu --enable-libstdcxx-debug --enable-libstdcxx-time=yes --enable-gnu-unique-object --disable-libmudflap --enable-plugin --with-system-zlib --disable-browser-plugin --enable-java-awt=gtk --enable-gtk-cairo --with-java-home=/usr/lib/jvm/java-1.5.0-gcj-4.8-amd64/jre --enable-java-home --with-jvm-root-dir=/usr/lib/jvm/java-1.5.0-gcj-4.8-amd64 --with-jvm-jar-dir=/usr/lib/jvm-exports/java-1.5.0-gcj-4.8-amd64 --with-arch-directory=amd64 --with-ecj-jar=/usr/share/java/eclipse-ecj.jar --enable-objc-gc --enable-multiarch --disable-werror --with-arch-32=i686 --with-abi=m64 --with-multilib-list=m32,m64,mx32 --with-tune=generic --enable-checking=release --build=x86_64-linux-gnu --host=x86_64-linux-gnu --target=x86_64-linux-gnu]
  ignore line: [Thread model: posix]
  ignore line: [gcc version 4.8.2 (Ubuntu 4.8.2-19ubuntu1) ]
  ignore line: [COMPILER_PATH=/usr/lib/gcc/x86_64-linux-gnu/4.8/:/usr/lib/gcc/x86_64-linux-gnu/4.8/:/usr/lib/gcc/x86_64-linux-gnu/:/usr/lib/gcc/x86_64-linux-gnu/4.8/:/usr/lib/gcc/x86_64-linux-gnu/]
  ignore line: [LIBRARY_PATH=/usr/lib/gcc/x86_64-linux-gnu/4.8/:/usr/lib/gcc/x86_64-linux-gnu/4.8/../../../x86_64-linux-gnu/:/usr/lib/gcc/x86_64-linux-gnu/4.8/../../../../lib/:/lib/x86_64-linux-gnu/:/lib/../lib/:/usr/lib/x86_64-linux-gnu/:/usr/lib/../lib/:/usr/lib/gcc/x86_64-linux-gnu/4.8/../../../:/lib/:/usr/lib/]
  ignore line: [COLLECT_GCC_OPTIONS='-v' '-o' 'cmTryCompileExec2537712738' '-rdynamic' '-mtune=generic' '-march=x86-64']
  link line: [ /usr/lib/gcc/x86_64-linux-gnu/4.8/collect2 --sysroot=/ --build-id --eh-frame-hdr -m elf_x86_64 --hash-style=gnu --as-needed -export-dynamic -dynamic-linker /lib64/ld-linux-x86-64.so.2 -z relro -o cmTryCompileExec2537712738 /usr/lib/gcc/x86_64-linux-gnu/4.8/../../../x86_64-linux-gnu/crt1.o /usr/lib/gcc/x86_64-linux-gnu/4.8/../../../x86_64-linux-gnu/crti.o /usr/lib/gcc/x86_64-linux-gnu/4.8/crtbegin.o -L/usr/lib/gcc/x86_64-linux-gnu/4.8 -L/usr/lib/gcc/x86_64-linux-gnu/4.8/../../../x86_64-linux-gnu -L/usr/lib/gcc/x86_64-linux-gnu/4.8/../../../../lib -L/lib/x86_64-linux-gnu -L/lib/../lib -L/usr/lib/x86_64-linux-gnu -L/usr/lib/../lib -L/usr/lib/gcc/x86_64-linux-gnu/4.8/../../.. CMakeFiles/cmTryCompileExec2537712738.dir/CMakeCCompilerABI.c.o -lgcc --as-needed -lgcc_s --no-as-needed -lc -lgcc --as-needed -lgcc_s --no-as-needed /usr/lib/gcc/x86_64-linux-gnu/4.8/crtend.o /usr/lib/gcc/x86_64-linux-gnu/4.8/../../../x86_64-linux-gnu/crtn.o]
    arg [/usr/lib/gcc/x86_64-linux-gnu/4.8/collect2] ==> ignore
    arg [--sysroot=/] ==> ignore
    arg [--build-id] ==> ignore
    arg [--eh-frame-hdr] ==> ignore
    arg [-m] ==> ignore
    arg [elf_x86_64] ==> ignore
    arg [--hash-style=gnu] ==> ignore
    arg [--as-needed] ==> ignore
    arg [-export-dynamic] ==> ignore
    arg [-dynamic-linker] ==> ignore
    arg [/lib64/ld-linux-x86-64.so.2] ==> ignore
    arg [-zrelro] ==> ignore
    arg [-o] ==> ignore
    arg [cmTryCompileExec2537712738] ==> ignore
    arg [/usr/lib/gcc/x86_64-linux-gnu/4.8/../../../x86_64-linux-gnu/crt1.o] ==> ignore
    arg [/usr/lib/gcc/x86_64-linux-gnu/4.8/../../../x86_64-linux-gnu/crti.o] ==> ignore
    arg [/usr/lib/gcc/x86_64-linux-gnu/4.8/crtbegin.o] ==> ignore
    arg [-L/usr/lib/gcc/x86_64-linux-gnu/4.8] ==> dir [/usr/lib/gcc/x86_64-linux-gnu/4.8]
    arg [-L/usr/lib/gcc/x86_64-linux-gnu/4.8/../../../x86_64-linux-gnu] ==> dir [/usr/lib/gcc/x86_64-linux-gnu/4.8/../../../x86_64-linux-gnu]
    arg [-L/usr/lib/gcc/x86_64-linux-gnu/4.8/../../../../lib] ==> dir [/usr/lib/gcc/x86_64-linux-gnu/4.8/../../../../lib]
    arg [-L/lib/x86_64-linux-gnu] ==> dir [/lib/x86_64-linux-gnu]
    arg [-L/lib/../lib] ==> dir [/lib/../lib]
    arg [-L/usr/lib/x86_64-linux-gnu] ==> dir [/usr/lib/x86_64-linux-gnu]
    arg [-L/usr/lib/../lib] ==> dir [/usr/lib/../lib]
    arg [-L/usr/lib/gcc/x86_64-linux-gnu/4.8/../../..] ==> dir [/usr/lib/gcc/x86_64-linux-gnu/4.8/../../..]
    arg [CMakeFiles/cmTryCompileExec2537712738.dir/CMakeCCompilerABI.c.o] ==> ignore
    arg [-lgcc] ==> lib [gcc]
    arg [--as-needed] ==> ignore
    arg [-lgcc_s] ==> lib [gcc_s]
    arg [--no-as-needed] ==> ignore
    arg [-lc] ==> lib [c]
    arg [-lgcc] ==> lib [gcc]
    arg [--as-needed] ==> ignore
    arg [-lgcc_s] ==> lib [gcc_s]
    arg [--no-as-needed] ==> ignore
    arg [/usr/lib/gcc/x86_64-linux-gnu/4.8/crtend.o] ==> ignore
    arg [/usr/lib/gcc/x86_64-linux-gnu/4.8/../../../x86_64-linux-gnu/crtn.o] ==> ignore
  remove lib [gcc]
  remove lib [gcc_s]
  remove lib [gcc]
  remove lib [gcc_s]
  collapse library dir [/usr/lib/gcc/x86_64-linux-gnu/4.8] ==> [/usr/lib/gcc/x86_64-linux-gnu/4.8]
  collapse library dir [/usr/lib/gcc/x86_64-linux-gnu/4.8/../../../x86_64-linux-gnu] ==> [/usr/lib/x86_64-linux-gnu]
  collapse library dir [/usr/lib/gcc/x86_64-linux-gnu/4.8/../../../../lib] ==> [/usr/lib]
  collapse library dir [/lib/x86_64-linux-gnu] ==> [/lib/x86_64-linux-gnu]
  collapse library dir [/lib/../lib] ==> [/lib]
  collapse library dir [/usr/lib/x86_64-linux-gnu] ==> [/usr/lib/x86_64-linux-gnu]
  collapse library dir [/usr/lib/../lib] ==> [/usr/lib]
  collapse library dir [/usr/lib/gcc/x86_64-linux-gnu/4.8/../../..] ==> [/usr/lib]
  implicit libs: [c]
  implicit dirs: [/usr/lib/gcc/x86_64-linux-gnu/4.8;/usr/lib/x86_64-linux-gnu;/usr/lib;/lib/x86_64-linux-gnu;/lib]
  implicit fwks: []


Determining if the CXX compiler works passed with the following output:
Change Dir: /home/mathieu/Documents/Fac/TP/TGESI/build-mitsuba-Desktop-Default/CMakeFiles/CMakeTmp

Run Build Command:/usr/bin/make "cmTryCompileExec109773094/fast"
/usr/bin/make -f CMakeFiles/cmTryCompileExec109773094.dir/build.make CMakeFiles/cmTryCompileExec109773094.dir/build
make[1]: entrant dans le répertoire « /home/mathieu/Documents/Fac/TP/TGESI/build-mitsuba-Desktop-Default/CMakeFiles/CMakeTmp »
/usr/bin/cmake -E cmake_progress_report /home/mathieu/Documents/Fac/TP/TGESI/build-mitsuba-Desktop-Default/CMakeFiles/CMakeTmp/CMakeFiles 1
Building CXX object CMakeFiles/cmTryCompileExec109773094.dir/testCXXCompiler.cxx.o
/usr/bin/c++     -o CMakeFiles/cmTryCompileExec109773094.dir/testCXXCompiler.cxx.o -c /home/mathieu/Documents/Fac/TP/TGESI/build-mitsuba-Desktop-Default/CMakeFiles/CMakeTmp/testCXXCompiler.cxx
Linking CXX executable cmTryCompileExec109773094
/usr/bin/cmake -E cmake_link_script CMakeFiles/cmTryCompileExec109773094.dir/link.txt --verbose=1
/usr/bin/c++        CMakeFiles/cmTryCompileExec109773094.dir/testCXXCompiler.cxx.o  -o cmTryCompileExec109773094 -rdynamic 
make[1]: quittant le répertoire « /home/mathieu/Documents/Fac/TP/TGESI/build-mitsuba-Desktop-Default/CMakeFiles/CMakeTmp »


Detecting CXX compiler ABI info compiled with the following output:
Change Dir: /home/mathieu/Documents/Fac/TP/TGESI/build-mitsuba-Desktop-Default/CMakeFiles/CMakeTmp

Run Build Command:/usr/bin/make "cmTryCompileExec2045927591/fast"
/usr/bin/make -f CMakeFiles/cmTryCompileExec2045927591.dir/build.make CMakeFiles/cmTryCompileExec2045927591.dir/build
make[1]: entrant dans le répertoire « /home/mathieu/Documents/Fac/TP/TGESI/build-mitsuba-Desktop-Default/CMakeFiles/CMakeTmp »
/usr/bin/cmake -E cmake_progress_report /home/mathieu/Documents/Fac/TP/TGESI/build-mitsuba-Desktop-Default/CMakeFiles/CMakeTmp/CMakeFiles 1
Building CXX object CMakeFiles/cmTryCompileExec2045927591.dir/CMakeCXXCompilerABI.cpp.o
/usr/bin/c++     -o CMakeFiles/cmTryCompileExec2045927591.dir/CMakeCXXCompilerABI.cpp.o -c /usr/share/cmake-2.8/Modules/CMakeCXXCompilerABI.cpp
Linking CXX executable cmTryCompileExec2045927591
/usr/bin/cmake -E cmake_link_script CMakeFiles/cmTryCompileExec2045927591.dir/link.txt --verbose=1
/usr/bin/c++      -v CMakeFiles/cmTryCompileExec2045927591.dir/CMakeCXXCompilerABI.cpp.o  -o cmTryCompileExec2045927591 -rdynamic  
Using built-in specs.
COLLECT_GCC=/usr/bin/c++
COLLECT_LTO_WRAPPER=/usr/lib/gcc/x86_64-linux-gnu/4.8/lto-wrapper
Target: x86_64-linux-gnu
Configured with: ../src/configure -v --with-pkgversion='Ubuntu 4.8.2-19ubuntu1' --with-bugurl=file:///usr/share/doc/gcc-4.8/README.Bugs --enable-languages=c,c++,java,go,d,fortran,objc,obj-c++ --prefix=/usr --program-suffix=-4.8 --enable-shared --enable-linker-build-id --libexecdir=/usr/lib --without-included-gettext --enable-threads=posix --with-gxx-include-dir=/usr/include/c++/4.8 --libdir=/usr/lib --enable-nls --with-sysroot=/ --enable-clocale=gnu --enable-libstdcxx-debug --enable-libstdcxx-time=yes --enable-gnu-unique-object --disable-libmudflap --enable-plugin --with-system-zlib --disable-browser-plugin --enable-java-awt=gtk --enable-gtk-cairo --with-java-home=/usr/lib/jvm/java-1.5.0-gcj-4.8-amd64/jre --enable-java-home --with-jvm-root-dir=/usr/lib/jvm/java-1.5.0-gcj-4.8-amd64 --with-jvm-jar-dir=/usr/lib/jvm-exports/java-1.5.0-gcj-4.8-amd64 --with-arch-directory=amd64 --with-ecj-jar=/usr/share/java/eclipse-ecj.jar --enable-objc-gc --enable-multiarch --disable-werror --with-arch-32=i686 --with-abi=m64 --with-multilib-list=m32,m64,mx32 --with-tune=generic --enable-checking=release --build=x86_64-linux-gnu --host=x86_64-linux-gnu --target=x86_64-linux-gnu
Thread model: posix
gcc version 4.8.2 (Ubuntu 4.8.2-19ubuntu1) 
COMPILER_PATH=/usr/lib/gcc/x86_64-linux-gnu/4.8/:/usr/lib/gcc/x86_64-linux-gnu/4.8/:/usr/lib/gcc/x86_64-linux-gnu/:/usr/lib/gcc/x86_64-linux-gnu/4.8/:/usr/lib/gcc/x86_64-linux-gnu/
LIBRARY_PATH=/usr/lib/gcc/x86_64-linux-gnu/4.8/:/usr/lib/gcc/x86_64-linux-gnu/4.8/../../../x86_64-linux-gnu/:/usr/lib/gcc/x86_64-linux-gnu/4.8/../../../../lib/:/lib/x86_64-linux-gnu/:/lib/../lib/:/usr/lib/x86_64-linux-gnu/:/usr/lib/../lib/:/usr/lib/gcc/x86_64-linux-gnu/4.8/../../../:/lib/:/usr/lib/
COLLECT_GCC_OPTIONS='-v' '-o' 'cmTryCompileExec2045927591' '-rdynamic' '-shared-libgcc' '-mtune=generic' '-march=x86-64'
 /usr/lib/gcc/x86_64-linux-gnu/4.8/collect2 --sysroot=/ --build-id --eh-frame-hdr -m elf_x86_64 --hash-style=gnu --as-needed -export-dynamic -dynamic-linker /lib64/ld-linux-x86-64.so.2 -z relro -o cmTryCompileExec2045927591 /usr/lib/gcc/x86_64-linux-gnu/4.8/../../../x86_64-linux-gnu/crt1.o /usr/lib/gcc/x86_64-linux-gnu/4.8/../../../x86_64-linux-gnu/crti.o /usr/lib/gcc/x86_64-linux-gnu/4.8/crtbegin.o -L/usr/lib/gcc/x86_64-linux-gnu/4.8 -L/usr/lib/gcc/x86_64-linux-gnu/4.8/../../../x86_64-linux-gnu -L/usr/lib/gcc/x86_64-linux-gnu/4.8/../../../../lib -L/lib/x86_64-linux-gnu -L/lib/../lib -L/usr/lib/x86_64-linux-gnu -L/usr/lib/../lib -L/usr/lib/gcc/x86_64-linux-gnu/4.8/../../.. CMakeFiles/cmTryCompileExec2045927591.dir/CMakeCXXCompilerABI.cpp.o -lstdc++ -lm -lgcc_s -lgcc -lc -lgcc_s -lgcc /usr/lib/gcc/x86_64-linux-gnu/4.8/crtend.o /usr/lib/gcc/x86_64-linux-gnu/4.8/../../../x86_64-linux-gnu/crtn.o
make[1]: quittant le répertoire « /home/mathieu/Documents/Fac/TP/TGESI/build-mitsuba-Desktop-Default/CMakeFiles/CMakeTmp »


Parsed CXX implicit link information from above output:
  link line regex: [^( *|.*[/\])(ld|([^/\]+-)?ld|collect2)[^/\]*( |$)]
  ignore line: [Change Dir: /home/mathieu/Documents/Fac/TP/TGESI/build-mitsuba-Desktop-Default/CMakeFiles/CMakeTmp]
  ignore line: []
  ignore line: [Run Build Command:/usr/bin/make "cmTryCompileExec2045927591/fast"]
  ignore line: [/usr/bin/make -f CMakeFiles/cmTryCompileExec2045927591.dir/build.make CMakeFiles/cmTryCompileExec2045927591.dir/build]
  ignore line: [make[1]: entrant dans le répertoire « /home/mathieu/Documents/Fac/TP/TGESI/build-mitsuba-Desktop-Default/CMakeFiles/CMakeTmp »]
  ignore line: [/usr/bin/cmake -E cmake_progress_report /home/mathieu/Documents/Fac/TP/TGESI/build-mitsuba-Desktop-Default/CMakeFiles/CMakeTmp/CMakeFiles 1]
  ignore line: [Building CXX object CMakeFiles/cmTryCompileExec2045927591.dir/CMakeCXXCompilerABI.cpp.o]
  ignore line: [/usr/bin/c++     -o CMakeFiles/cmTryCompileExec2045927591.dir/CMakeCXXCompilerABI.cpp.o -c /usr/share/cmake-2.8/Modules/CMakeCXXCompilerABI.cpp]
  ignore line: [Linking CXX executable cmTryCompileExec2045927591]
  ignore line: [/usr/bin/cmake -E cmake_link_script CMakeFiles/cmTryCompileExec2045927591.dir/link.txt --verbose=1]
  ignore line: [/usr/bin/c++      -v CMakeFiles/cmTryCompileExec2045927591.dir/CMakeCXXCompilerABI.cpp.o  -o cmTryCompileExec2045927591 -rdynamic  ]
  ignore line: [Using built-in specs.]
  ignore line: [COLLECT_GCC=/usr/bin/c++]
  ignore line: [COLLECT_LTO_WRAPPER=/usr/lib/gcc/x86_64-linux-gnu/4.8/lto-wrapper]
  ignore line: [Target: x86_64-linux-gnu]
  ignore line: [Configured with: ../src/configure -v --with-pkgversion='Ubuntu 4.8.2-19ubuntu1' --with-bugurl=file:///usr/share/doc/gcc-4.8/README.Bugs --enable-languages=c,c++,java,go,d,fortran,objc,obj-c++ --prefix=/usr --program-suffix=-4.8 --enable-shared --enable-linker-build-id --libexecdir=/usr/lib --without-included-gettext --enable-threads=posix --with-gxx-include-dir=/usr/include/c++/4.8 --libdir=/usr/lib --enable-nls --with-sysroot=/ --enable-clocale=gnu --enable-libstdcxx-debug --enable-libstdcxx-time=yes --enable-gnu-unique-object --disable-libmudflap --enable-plugin --with-system-zlib --disable-browser-plugin --enable-java-awt=gtk --enable-gtk-cairo --with-java-home=/usr/lib/jvm/java-1.5.0-gcj-4.8-amd64/jre --enable-java-home --with-jvm-root-dir=/usr/lib/jvm/java-1.5.0-gcj-4.8-amd64 --with-jvm-jar-dir=/usr/lib/jvm-exports/java-1.5.0-gcj-4.8-amd64 --with-arch-directory=amd64 --with-ecj-jar=/usr/share/java/eclipse-ecj.jar --enable-objc-gc --enable-multiarch --disable-werror --with-arch-32=i686 --with-abi=m64 --with-multilib-list=m32,m64,mx32 --with-tune=generic --enable-checking=release --build=x86_64-linux-gnu --host=x86_64-linux-gnu --target=x86_64-linux-gnu]
  ignore line: [Thread model: posix]
  ignore line: [gcc version 4.8.2 (Ubuntu 4.8.2-19ubuntu1) ]
  ignore line: [COMPILER_PATH=/usr/lib/gcc/x86_64-linux-gnu/4.8/:/usr/lib/gcc/x86_64-linux-gnu/4.8/:/usr/lib/gcc/x86_64-linux-gnu/:/usr/lib/gcc/x86_64-linux-gnu/4.8/:/usr/lib/gcc/x86_64-linux-gnu/]
  ignore line: [LIBRARY_PATH=/usr/lib/gcc/x86_64-linux-gnu/4.8/:/usr/lib/gcc/x86_64-linux-gnu/4.8/../../../x86_64-linux-gnu/:/usr/lib/gcc/x86_64-linux-gnu/4.8/../../../../lib/:/lib/x86_64-linux-gnu/:/lib/../lib/:/usr/lib/x86_64-linux-gnu/:/usr/lib/../lib/:/usr/lib/gcc/x86_64-linux-gnu/4.8/../../../:/lib/:/usr/lib/]
  ignore line: [COLLECT_GCC_OPTIONS='-v' '-o' 'cmTryCompileExec2045927591' '-rdynamic' '-shared-libgcc' '-mtune=generic' '-march=x86-64']
  link line: [ /usr/lib/gcc/x86_64-linux-gnu/4.8/collect2 --sysroot=/ --build-id --eh-frame-hdr -m elf_x86_64 --hash-style=gnu --as-needed -export-dynamic -dynamic-linker /lib64/ld-linux-x86-64.so.2 -z relro -o cmTryCompileExec2045927591 /usr/lib/gcc/x86_64-linux-gnu/4.8/../../../x86_64-linux-gnu/crt1.o /usr/lib/gcc/x86_64-linux-gnu/4.8/../../../x86_64-linux-gnu/crti.o /usr/lib/gcc/x86_64-linux-gnu/4.8/crtbegin.o -L/usr/lib/gcc/x86_64-linux-gnu/4.8 -L/usr/lib/gcc/x86_64-linux-gnu/4.8/../../../x86_64-linux-gnu -L/usr/lib/gcc/x86_64-linux-gnu/4.8/../../../../lib -L/lib/x86_64-linux-gnu -L/lib/../lib -L/usr/lib/x86_64-linux-gnu -L/usr/lib/../lib -L/usr/lib/gcc/x86_64-linux-gnu/4.8/../../.. CMakeFiles/cmTryCompileExec2045927591.dir/CMakeCXXCompilerABI.cpp.o -lstdc++ -lm -lgcc_s -lgcc -lc -lgcc_s -lgcc /usr/lib/gcc/x86_64-linux-gnu/4.8/crtend.o /usr/lib/gcc/x86_64-linux-gnu/4.8/../../../x86_64-linux-gnu/crtn.o]
    arg [/usr/lib/gcc/x86_64-linux-gnu/4.8/collect2] ==> ignore
    arg [--sysroot=/] ==> ignore
    arg [--build-id] ==> ignore
    arg [--eh-frame-hdr] ==> ignore
    arg [-m] ==> ignore
    arg [elf_x86_64] ==> ignore
    arg [--hash-style=gnu] ==> ignore
    arg [--as-needed] ==> ignore
    arg [-export-dynamic] ==> ignore
    arg [-dynamic-linker] ==> ignore
    arg [/lib64/ld-linux-x86-64.so.2] ==> ignore
    arg [-zrelro] ==> ignore
    arg [-o] ==> ignore
    arg [cmTryCompileExec2045927591] ==> ignore
    arg [/usr/lib/gcc/x86_64-linux-gnu/4.8/../../../x86_64-linux-gnu/crt1.o] ==> ignore
    arg [/usr/lib/gcc/x86_64-linux-gnu/4.8/../../../x86_64-linux-gnu/crti.o] ==> ignore
    arg [/usr/lib/gcc/x86_64-linux-gnu/4.8/crtbegin.o] ==> ignore
    arg [-L/usr/lib/gcc/x86_64-linux-gnu/4.8] ==> dir [/usr/lib/gcc/x86_64-linux-gnu/4.8]
    arg [-L/usr/lib/gcc/x86_64-linux-gnu/4.8/../../../x86_64-linux-gnu] ==> dir [/usr/lib/gcc/x86_64-linux-gnu/4.8/../../../x86_64-linux-gnu]
    arg [-L/usr/lib/gcc/x86_64-linux-gnu/4.8/../../../../lib] ==> dir [/usr/lib/gcc/x86_64-linux-gnu/4.8/../../../../lib]
    arg [-L/lib/x86_64-linux-gnu] ==> dir [/lib/x86_64-linux-gnu]
    arg [-L/lib/../lib] ==> dir [/lib/../lib]
    arg [-L/usr/lib/x86_64-linux-gnu] ==> dir [/usr/lib/x86_64-linux-gnu]
    arg [-L/usr/lib/../lib] ==> dir [/usr/lib/../lib]
    arg [-L/usr/lib/gcc/x86_64-linux-gnu/4.8/../../..] ==> dir [/usr/lib/gcc/x86_64-linux-gnu/4.8/../../..]
    arg [CMakeFiles/cmTryCompileExec2045927591.dir/CMakeCXXCompilerABI.cpp.o] ==> ignore
    arg [-lstdc++] ==> lib [stdc++]
    arg [-lm] ==> lib [m]
    arg [-lgcc_s] ==> lib [gcc_s]
    arg [-lgcc] ==> lib [gcc]
    arg [-lc] ==> lib [c]
    arg [-lgcc_s] ==> lib [gcc_s]
    arg [-lgcc] ==> lib [gcc]
    arg [/usr/lib/gcc/x86_64-linux-gnu/4.8/crtend.o] ==> ignore
    arg [/usr/lib/gcc/x86_64-linux-gnu/4.8/../../../x86_64-linux-gnu/crtn.o] ==> ignore
  remove lib [gcc_s]
  remove lib [gcc]
  remove lib [gcc_s]
  remove lib [gcc]
  collapse library dir [/usr/lib/gcc/x86_64-linux-gnu/4.8] ==> [/usr/lib/gcc/x86_64-linux-gnu/4.8]
  collapse library dir [/usr/lib/gcc/x86_64-linux-gnu/4.8/../../../x86_64-linux-gnu] ==> [/usr/lib/x86_64-linux-gnu]
  collapse library dir [/usr/lib/gcc/x86_64-linux-gnu/4.8/../../../../lib] ==> [/usr/lib]
  collapse library dir [/lib/x86_64-linux-gnu] ==> [/lib/x86_64-linux-gnu]
  collapse library dir [/lib/../lib] ==> [/lib]
  collapse library dir [/usr/lib/x86_64-linux-gnu] ==> [/usr/lib/x86_64-linux-gnu]
  collapse library dir [/usr/lib/../lib] ==> [/usr/lib]
  collapse library dir [/usr/lib/gcc/x86_64-linux-gnu/4.8/../../..] ==> [/usr/lib]
  implicit libs: [stdc++;m;c]
  implicit dirs: [/usr/lib/gcc/x86_64-linux-gnu/4.8;/usr/lib/x86_64-linux-gnu;/usr/lib;/lib/x86_64-linux-gnu;/lib]
  implicit fwks: []


Determining if the Q_WS_X11 exist passed with the following output:
Change Dir: /home/mathieu/Documents/Fac/TP/TGESI/build-mitsuba-Desktop-Default/CMakeFiles/CMakeTmp

Run Build Command:/usr/bin/make "cmTryCompileExec4210382988/fast"
/usr/bin/make -f CMakeFiles/cmTryCompileExec4210382988.dir/build.make CMakeFiles/cmTryCompileExec4210382988.dir/build
make[1]: entrant dans le répertoire « /home/mathieu/Documents/Fac/TP/TGESI/build-mitsuba-Desktop-Default/CMakeFiles/CMakeTmp »
/usr/bin/cmake -E cmake_progress_report /home/mathieu/Documents/Fac/TP/TGESI/build-mitsuba-Desktop-Default/CMakeFiles/CMakeTmp/CMakeFiles 1
Building CXX object CMakeFiles/cmTryCompileExec4210382988.dir/CheckSymbolExists.cxx.o
/usr/bin/c++    -fvisibility=hidden -pipe -march=nocona -ffast-math -Wall -Winvalid-pch -mfpmath=sse   -I/usr/include/qt4    -o CMakeFiles/cmTryCompileExec4210382988.dir/CheckSymbolExists.cxx.o -c /home/mathieu/Documents/Fac/TP/TGESI/build-mitsuba-Desktop-Default/CMakeFiles/CMakeTmp/CheckSymbolExists.cxx
Linking CXX executable cmTryCompileExec4210382988
/usr/bin/cmake -E cmake_link_script CMakeFiles/cmTryCompileExec4210382988.dir/link.txt --verbose=1
/usr/bin/c++   -fvisibility=hidden -pipe -march=nocona -ffast-math -Wall -Winvalid-pch -mfpmath=sse      CMakeFiles/cmTryCompileExec4210382988.dir/CheckSymbolExists.cxx.o  -o cmTryCompileExec4210382988 -rdynamic 
make[1]: quittant le répertoire « /home/mathieu/Documents/Fac/TP/TGESI/build-mitsuba-Desktop-Default/CMakeFiles/CMakeTmp »

File /home/mathieu/Documents/Fac/TP/TGESI/build-mitsuba-Desktop-Default/CMakeFiles/CMakeTmp/CheckSymbolExists.cxx:
/* */
#include <QtCore/qglobal.h>

int main(int argc, char** argv)
{
  (void)argv;
#ifndef Q_WS_X11
  return ((int*)(&Q_WS_X11))[argc];
#else
  (void)argc;
  return 0;
#endif
}

Determining if files pthread.h exist passed with the following output:
Change Dir: /home/mathieu/Documents/Fac/TP/TGESI/build-mitsuba-Desktop-Default/CMakeFiles/CMakeTmp

Run Build Command:/usr/bin/make "cmTryCompileExec2077062337/fast"
/usr/bin/make -f CMakeFiles/cmTryCompileExec2077062337.dir/build.make CMakeFiles/cmTryCompileExec2077062337.dir/build
make[1]: entrant dans le répertoire « /home/mathieu/Documents/Fac/TP/TGESI/build-mitsuba-Desktop-Default/CMakeFiles/CMakeTmp »
/usr/bin/cmake -E cmake_progress_report /home/mathieu/Documents/Fac/TP/TGESI/build-mitsuba-Desktop-Default/CMakeFiles/CMakeTmp/CMakeFiles 1
Building C object CMakeFiles/cmTryCompileExec2077062337.dir/CheckIncludeFiles.c.o
/usr/bin/cc    -o CMakeFiles/cmTryCompileExec2077062337.dir/CheckIncludeFiles.c.o   -c /home/mathieu/Documents/Fac/TP/TGESI/build-mitsuba-Desktop-Default/CMakeFiles/CMakeTmp/CheckIncludeFiles.c
Linking C executable cmTryCompileExec2077062337
/usr/bin/cmake -E cmake_link_script CMakeFiles/cmTryCompileExec2077062337.dir/link.txt --verbose=1
/usr/bin/cc       CMakeFiles/cmTryCompileExec2077062337.dir/CheckIncludeFiles.c.o  -o cmTryCompileExec2077062337 -rdynamic 
make[1]: quittant le répertoire « /home/mathieu/Documents/Fac/TP/TGESI/build-mitsuba-Desktop-Default/CMakeFiles/CMakeTmp »


Determining if the function pthread_create exists in the pthread passed with the following output:
Change Dir: /home/mathieu/Documents/Fac/TP/TGESI/build-mitsuba-Desktop-Default/CMakeFiles/CMakeTmp

Run Build Command:/usr/bin/make "cmTryCompileExec1601465689/fast"
/usr/bin/make -f CMakeFiles/cmTryCompileExec1601465689.dir/build.make CMakeFiles/cmTryCompileExec1601465689.dir/build
make[1]: entrant dans le répertoire « /home/mathieu/Documents/Fac/TP/TGESI/build-mitsuba-Desktop-Default/CMakeFiles/CMakeTmp »
/usr/bin/cmake -E cmake_progress_report /home/mathieu/Documents/Fac/TP/TGESI/build-mitsuba-Desktop-Default/CMakeFiles/CMakeTmp/CMakeFiles 1
Building C object CMakeFiles/cmTryCompileExec1601465689.dir/CheckFunctionExists.c.o
/usr/bin/cc   -DCHECK_FUNCTION_EXISTS=pthread_create   -o CMakeFiles/cmTryCompileExec1601465689.dir/CheckFunctionExists.c.o   -c /usr/share/cmake-2.8/Modules/CheckFunctionExists.c
Linking C executable cmTryCompileExec1601465689
/usr/bin/cmake -E cmake_link_script CMakeFiles/cmTryCompileExec1601465689.dir/link.txt --verbose=1
/usr/bin/cc   -DCHECK_FUNCTION_EXISTS=pthread_create    CMakeFiles/cmTryCompileExec1601465689.dir/CheckFunctionExists.c.o  -o cmTryCompileExec1601465689 -rdynamic -lpthread 
make[1]: quittant le répertoire « /home/mathieu/Documents/Fac/TP/TGESI/build-mitsuba-Desktop-Default/CMakeFiles/CMakeTmp »


Performing C++ SOURCE FILE Test BOOST_SPIRIT_WORKS succeded with the following output:
Change Dir: /home/mathieu/Documents/Fac/TP/TGESI/build-mitsuba-Desktop-Default/CMakeFiles/CMakeTmp

Run Build Command:/usr/bin/make "cmTryCompileExec1486855204/fast"
/usr/bin/make -f CMakeFiles/cmTryCompileExec1486855204.dir/build.make CMakeFiles/cmTryCompileExec1486855204.dir/build
make[1]: entrant dans le répertoire « /home/mathieu/Documents/Fac/TP/TGESI/build-mitsuba-Desktop-Default/CMakeFiles/CMakeTmp »
/usr/bin/cmake -E cmake_progress_report /home/mathieu/Documents/Fac/TP/TGESI/build-mitsuba-Desktop-Default/CMakeFiles/CMakeTmp/CMakeFiles 1
Building CXX object CMakeFiles/cmTryCompileExec1486855204.dir/src.cxx.o
/usr/bin/c++    -fvisibility=hidden -pipe -march=nocona -ffast-math -Wall -Winvalid-pch -mfpmath=sse  -DBOOST_SPIRIT_WORKS   -o CMakeFiles/cmTryCompileExec1486855204.dir/src.cxx.o -c /home/mathieu/Documents/Fac/TP/TGESI/build-mitsuba-Desktop-Default/CMakeFiles/CMakeTmp/src.cxx
Linking CXX executable cmTryCompileExec1486855204
/usr/bin/cmake -E cmake_link_script CMakeFiles/cmTryCompileExec1486855204.dir/link.txt --verbose=1
/usr/bin/c++   -fvisibility=hidden -pipe -march=nocona -ffast-math -Wall -Winvalid-pch -mfpmath=sse  -DBOOST_SPIRIT_WORKS    CMakeFiles/cmTryCompileExec1486855204.dir/src.cxx.o  -o cmTryCompileExec1486855204 -rdynamic -lboost_filesystem -lboost_system -lboost_thread -lpthread 
make[1]: quittant le répertoire « /home/mathieu/Documents/Fac/TP/TGESI/build-mitsuba-Desktop-Default/CMakeFiles/CMakeTmp »

Source file was:

#include <boost/spirit/include/qi.hpp>
int main (int argc, char **argv) {
    return 0;
}

Determining if the function XOpenDisplay exists in the /usr/lib/x86_64-linux-gnu/libX11.so;/usr/lib/x86_64-linux-gnu/libXext.so passed with the following output:
Change Dir: /home/mathieu/Documents/Fac/TP/TGESI/build-mitsuba-Desktop-Default/CMakeFiles/CMakeTmp

Run Build Command:/usr/bin/make "cmTryCompileExec2638477920/fast"
/usr/bin/make -f CMakeFiles/cmTryCompileExec2638477920.dir/build.make CMakeFiles/cmTryCompileExec2638477920.dir/build
make[1]: entrant dans le répertoire « /home/mathieu/Documents/Fac/TP/TGESI/build-mitsuba-Desktop-Default/CMakeFiles/CMakeTmp »
/usr/bin/cmake -E cmake_progress_report /home/mathieu/Documents/Fac/TP/TGESI/build-mitsuba-Desktop-Default/CMakeFiles/CMakeTmp/CMakeFiles 1
Building C object CMakeFiles/cmTryCompileExec2638477920.dir/CheckFunctionExists.c.o
/usr/bin/cc   -DCHECK_FUNCTION_EXISTS=XOpenDisplay   -o CMakeFiles/cmTryCompileExec2638477920.dir/CheckFunctionExists.c.o   -c /usr/share/cmake-2.8/Modules/CheckFunctionExists.c
Linking C executable cmTryCompileExec2638477920
/usr/bin/cmake -E cmake_link_script CMakeFiles/cmTryCompileExec2638477920.dir/link.txt --verbose=1
/usr/bin/cc   -DCHECK_FUNCTION_EXISTS=XOpenDisplay    CMakeFiles/cmTryCompileExec2638477920.dir/CheckFunctionExists.c.o  -o cmTryCompileExec2638477920 -rdynamic -lX11 -lXext -lboost_filesystem -lboost_system -lboost_thread -lpthread 
make[1]: quittant le répertoire « /home/mathieu/Documents/Fac/TP/TGESI/build-mitsuba-Desktop-Default/CMakeFiles/CMakeTmp »


Determining if the function gethostbyname exists passed with the following output:
Change Dir: /home/mathieu/Documents/Fac/TP/TGESI/build-mitsuba-Desktop-Default/CMakeFiles/CMakeTmp

Run Build Command:/usr/bin/make "cmTryCompileExec3898598373/fast"
/usr/bin/make -f CMakeFiles/cmTryCompileExec3898598373.dir/build.make CMakeFiles/cmTryCompileExec3898598373.dir/build
make[1]: entrant dans le répertoire « /home/mathieu/Documents/Fac/TP/TGESI/build-mitsuba-Desktop-Default/CMakeFiles/CMakeTmp »
/usr/bin/cmake -E cmake_progress_report /home/mathieu/Documents/Fac/TP/TGESI/build-mitsuba-Desktop-Default/CMakeFiles/CMakeTmp/CMakeFiles 1
Building C object CMakeFiles/cmTryCompileExec3898598373.dir/CheckFunctionExists.c.o
/usr/bin/cc   -DCHECK_FUNCTION_EXISTS=gethostbyname   -o CMakeFiles/cmTryCompileExec3898598373.dir/CheckFunctionExists.c.o   -c /usr/share/cmake-2.8/Modules/CheckFunctionExists.c
Linking C executable cmTryCompileExec3898598373
/usr/bin/cmake -E cmake_link_script CMakeFiles/cmTryCompileExec3898598373.dir/link.txt --verbose=1
/usr/bin/cc   -DCHECK_FUNCTION_EXISTS=gethostbyname    CMakeFiles/cmTryCompileExec3898598373.dir/CheckFunctionExists.c.o  -o cmTryCompileExec3898598373 -rdynamic -lboost_filesystem -lboost_system -lboost_thread -lpthread 
make[1]: quittant le répertoire « /home/mathieu/Documents/Fac/TP/TGESI/build-mitsuba-Desktop-Default/CMakeFiles/CMakeTmp »


Determining if the function connect exists passed with the following output:
Change Dir: /home/mathieu/Documents/Fac/TP/TGESI/build-mitsuba-Desktop-Default/CMakeFiles/CMakeTmp

Run Build Command:/usr/bin/make "cmTryCompileExec419839394/fast"
/usr/bin/make -f CMakeFiles/cmTryCompileExec419839394.dir/build.make CMakeFiles/cmTryCompileExec419839394.dir/build
make[1]: entrant dans le répertoire « /home/mathieu/Documents/Fac/TP/TGESI/build-mitsuba-Desktop-Default/CMakeFiles/CMakeTmp »
/usr/bin/cmake -E cmake_progress_report /home/mathieu/Documents/Fac/TP/TGESI/build-mitsuba-Desktop-Default/CMakeFiles/CMakeTmp/CMakeFiles 1
Building C object CMakeFiles/cmTryCompileExec419839394.dir/CheckFunctionExists.c.o
/usr/bin/cc   -DCHECK_FUNCTION_EXISTS=connect   -o CMakeFiles/cmTryCompileExec419839394.dir/CheckFunctionExists.c.o   -c /usr/share/cmake-2.8/Modules/CheckFunctionExists.c
Linking C executable cmTryCompileExec419839394
/usr/bin/cmake -E cmake_link_script CMakeFiles/cmTryCompileExec419839394.dir/link.txt --verbose=1
/usr/bin/cc   -DCHECK_FUNCTION_EXISTS=connect    CMakeFiles/cmTryCompileExec419839394.dir/CheckFunctionExists.c.o  -o cmTryCompileExec419839394 -rdynamic -lboost_filesystem -lboost_system -lboost_thread -lpthread 
make[1]: quittant le répertoire « /home/mathieu/Documents/Fac/TP/TGESI/build-mitsuba-Desktop-Default/CMakeFiles/CMakeTmp »


Determining if the function remove exists passed with the following output:
Change Dir: /home/mathieu/Documents/Fac/TP/TGESI/build-mitsuba-Desktop-Default/CMakeFiles/CMakeTmp

Run Build Command:/usr/bin/make "cmTryCompileExec1368458703/fast"
/usr/bin/make -f CMakeFiles/cmTryCompileExec1368458703.dir/build.make CMakeFiles/cmTryCompileExec1368458703.dir/build
make[1]: entrant dans le répertoire « /home/mathieu/Documents/Fac/TP/TGESI/build-mitsuba-Desktop-Default/CMakeFiles/CMakeTmp »
/usr/bin/cmake -E cmake_progress_report /home/mathieu/Documents/Fac/TP/TGESI/build-mitsuba-Desktop-Default/CMakeFiles/CMakeTmp/CMakeFiles 1
Building C object CMakeFiles/cmTryCompileExec1368458703.dir/CheckFunctionExists.c.o
/usr/bin/cc   -DCHECK_FUNCTION_EXISTS=remove   -o CMakeFiles/cmTryCompileExec1368458703.dir/CheckFunctionExists.c.o   -c /usr/share/cmake-2.8/Modules/CheckFunctionExists.c
Linking C executable cmTryCompileExec1368458703
/usr/bin/cmake -E cmake_link_script CMakeFiles/cmTryCompileExec1368458703.dir/link.txt --verbose=1
/usr/bin/cc   -DCHECK_FUNCTION_EXISTS=remove    CMakeFiles/cmTryCompileExec1368458703.dir/CheckFunctionExists.c.o  -o cmTryCompileExec1368458703 -rdynamic -lboost_filesystem -lboost_system -lboost_thread -lpthread 
make[1]: quittant le répertoire « /home/mathieu/Documents/Fac/TP/TGESI/build-mitsuba-Desktop-Default/CMakeFiles/CMakeTmp »


Determining if the function shmat exists passed with the following output:
Change Dir: /home/mathieu/Documents/Fac/TP/TGESI/build-mitsuba-Desktop-Default/CMakeFiles/CMakeTmp

Run Build Command:/usr/bin/make "cmTryCompileExec2313353691/fast"
/usr/bin/make -f CMakeFiles/cmTryCompileExec2313353691.dir/build.make CMakeFiles/cmTryCompileExec2313353691.dir/build
make[1]: entrant dans le répertoire « /home/mathieu/Documents/Fac/TP/TGESI/build-mitsuba-Desktop-Default/CMakeFiles/CMakeTmp »
/usr/bin/cmake -E cmake_progress_report /home/mathieu/Documents/Fac/TP/TGESI/build-mitsuba-Desktop-Default/CMakeFiles/CMakeTmp/CMakeFiles 1
Building C object CMakeFiles/cmTryCompileExec2313353691.dir/CheckFunctionExists.c.o
/usr/bin/cc   -DCHECK_FUNCTION_EXISTS=shmat   -o CMakeFiles/cmTryCompileExec2313353691.dir/CheckFunctionExists.c.o   -c /usr/share/cmake-2.8/Modules/CheckFunctionExists.c
Linking C executable cmTryCompileExec2313353691
/usr/bin/cmake -E cmake_link_script CMakeFiles/cmTryCompileExec2313353691.dir/link.txt --verbose=1
/usr/bin/cc   -DCHECK_FUNCTION_EXISTS=shmat    CMakeFiles/cmTryCompileExec2313353691.dir/CheckFunctionExists.c.o  -o cmTryCompileExec2313353691 -rdynamic -lboost_filesystem -lboost_system -lboost_thread -lpthread 
make[1]: quittant le répertoire « /home/mathieu/Documents/Fac/TP/TGESI/build-mitsuba-Desktop-Default/CMakeFiles/CMakeTmp »


Determining if the function IceConnectionNumber exists in the ICE passed with the following output:
Change Dir: /home/mathieu/Documents/Fac/TP/TGESI/build-mitsuba-Desktop-Default/CMakeFiles/CMakeTmp

Run Build Command:/usr/bin/make "cmTryCompileExec443251752/fast"
/usr/bin/make -f CMakeFiles/cmTryCompileExec443251752.dir/build.make CMakeFiles/cmTryCompileExec443251752.dir/build
make[1]: entrant dans le répertoire « /home/mathieu/Documents/Fac/TP/TGESI/build-mitsuba-Desktop-Default/CMakeFiles/CMakeTmp »
/usr/bin/cmake -E cmake_progress_report /home/mathieu/Documents/Fac/TP/TGESI/build-mitsuba-Desktop-Default/CMakeFiles/CMakeTmp/CMakeFiles 1
Building C object CMakeFiles/cmTryCompileExec443251752.dir/CheckFunctionExists.c.o
/usr/bin/cc   -DCHECK_FUNCTION_EXISTS=IceConnectionNumber   -o CMakeFiles/cmTryCompileExec443251752.dir/CheckFunctionExists.c.o   -c /usr/share/cmake-2.8/Modules/CheckFunctionExists.c
Linking C executable cmTryCompileExec443251752
/usr/bin/cmake -E cmake_link_script CMakeFiles/cmTryCompileExec443251752.dir/link.txt --verbose=1
/usr/bin/cc   -DCHECK_FUNCTION_EXISTS=IceConnectionNumber    CMakeFiles/cmTryCompileExec443251752.dir/CheckFunctionExists.c.o  -o cmTryCompileExec443251752 -rdynamic -lICE -lboost_filesystem -lboost_system -lboost_thread -lpthread 
make[1]: quittant le répertoire « /home/mathieu/Documents/Fac/TP/TGESI/build-mitsuba-Desktop-Default/CMakeFiles/CMakeTmp »


Performing C++ SOURCE FILE Test GLEW_VERSION_IS_OK succeded with the following output:
Change Dir: /home/mathieu/Documents/Fac/TP/TGESI/build-mitsuba-Desktop-Default/CMakeFiles/CMakeTmp

Run Build Command:/usr/bin/make "cmTryCompileExec3629869562/fast"
/usr/bin/make -f CMakeFiles/cmTryCompileExec3629869562.dir/build.make CMakeFiles/cmTryCompileExec3629869562.dir/build
make[1]: entrant dans le répertoire « /home/mathieu/Documents/Fac/TP/TGESI/build-mitsuba-Desktop-Default/CMakeFiles/CMakeTmp »
/usr/bin/cmake -E cmake_progress_report /home/mathieu/Documents/Fac/TP/TGESI/build-mitsuba-Desktop-Default/CMakeFiles/CMakeTmp/CMakeFiles 1
Building CXX object CMakeFiles/cmTryCompileExec3629869562.dir/src.cxx.o
/usr/bin/c++    -fvisibility=hidden -pipe -march=nocona -ffast-math -Wall -Winvalid-pch -mfpmath=sse  -DGLEW_VERSION_IS_OK   -o CMakeFiles/cmTryCompileExec3629869562.dir/src.cxx.o -c /home/mathieu/Documents/Fac/TP/TGESI/build-mitsuba-Desktop-Default/CMakeFiles/CMakeTmp/src.cxx
/home/mathieu/Documents/Fac/TP/TGESI/build-mitsuba-Desktop-Default/CMakeFiles/CMakeTmp/src.cxx: In function ‘int main(int, char**)’:
/home/mathieu/Documents/Fac/TP/TGESI/build-mitsuba-Desktop-Default/CMakeFiles/CMakeTmp/src.cxx:8:9: warning: unused variable ‘i’ [-Wunused-variable]
     int i = GL_VERTEX_ATTRIB_ARRAY_UNIFIED_NV;
         ^
Linking CXX executable cmTryCompileExec3629869562
/usr/bin/cmake -E cmake_link_script CMakeFiles/cmTryCompileExec3629869562.dir/link.txt --verbose=1
/usr/bin/c++   -fvisibility=hidden -pipe -march=nocona -ffast-math -Wall -Winvalid-pch -mfpmath=sse  -DGLEW_VERSION_IS_OK    CMakeFiles/cmTryCompileExec3629869562.dir/src.cxx.o  -o cmTryCompileExec3629869562 -rdynamic -lGLU -lGL -lSM -lICE -lX11 -lXext -lGLEWmx 
make[1]: quittant le répertoire « /home/mathieu/Documents/Fac/TP/TGESI/build-mitsuba-Desktop-Default/CMakeFiles/CMakeTmp »

Source file was:

#if defined(__APPLE__)
#include <OpenGL/glew.h>
#else
#include <GL/glew.h>
#endif
int main (int argc, char **argv) {
    int i = GL_VERTEX_ATTRIB_ARRAY_UNIFIED_NV;
    return 0;
}

Performing C SOURCE FILE Test OpenMP_FLAG_DETECTED succeded with the following output:
Change Dir: /home/mathieu/Documents/Fac/TP/TGESI/build-mitsuba-Desktop-Default/CMakeFiles/CMakeTmp

Run Build Command:/usr/bin/make "cmTryCompileExec2074572806/fast"
/usr/bin/make -f CMakeFiles/cmTryCompileExec2074572806.dir/build.make CMakeFiles/cmTryCompileExec2074572806.dir/build
make[1]: entrant dans le répertoire « /home/mathieu/Documents/Fac/TP/TGESI/build-mitsuba-Desktop-Default/CMakeFiles/CMakeTmp »
/usr/bin/cmake -E cmake_progress_report /home/mathieu/Documents/Fac/TP/TGESI/build-mitsuba-Desktop-Default/CMakeFiles/CMakeTmp/CMakeFiles 1
Building C object CMakeFiles/cmTryCompileExec2074572806.dir/src.c.o
/usr/bin/cc   -DOpenMP_FLAG_DETECTED -fopenmp   -o CMakeFiles/cmTryCompileExec2074572806.dir/src.c.o   -c /home/mathieu/Documents/Fac/TP/TGESI/build-mitsuba-Desktop-Default/CMakeFiles/CMakeTmp/src.c
Linking C executable cmTryCompileExec2074572806
/usr/bin/cmake -E cmake_link_script CMakeFiles/cmTryCompileExec2074572806.dir/link.txt --verbose=1
/usr/bin/cc   -DOpenMP_FLAG_DETECTED -fopenmp    CMakeFiles/cmTryCompileExec2074572806.dir/src.c.o  -o cmTryCompileExec2074572806 -rdynamic -lGLU -lGL -lSM -lICE -lX11 -lXext -lGLEWmx 
make[1]: quittant le répertoire « /home/mathieu/Documents/Fac/TP/TGESI/build-mitsuba-Desktop-Default/CMakeFiles/CMakeTmp »

Source file was:

#include <omp.h>
int main() {
#ifdef _OPENMP
  return 0;
#else
  breaks_on_purpose
#endif
}

Performing C++ SOURCE FILE Test OpenMP_FLAG_DETECTED succeded with the following output:
Change Dir: /home/mathieu/Documents/Fac/TP/TGESI/build-mitsuba-Desktop-Default/CMakeFiles/CMakeTmp

Run Build Command:/usr/bin/make "cmTryCompileExec4171612665/fast"
/usr/bin/make -f CMakeFiles/cmTryCompileExec4171612665.dir/build.make CMakeFiles/cmTryCompileExec4171612665.dir/build
make[1]: entrant dans le répertoire « /home/mathieu/Documents/Fac/TP/TGESI/build-mitsuba-Desktop-Default/CMakeFiles/CMakeTmp »
/usr/bin/cmake -E cmake_progress_report /home/mathieu/Documents/Fac/TP/TGESI/build-mitsuba-Desktop-Default/CMakeFiles/CMakeTmp/CMakeFiles 1
Building CXX object CMakeFiles/cmTryCompileExec4171612665.dir/src.cxx.o
/usr/bin/c++    -fvisibility=hidden -pipe -march=nocona -ffast-math -Wall -Winvalid-pch -mfpmath=sse  -DOpenMP_FLAG_DETECTED -fopenmp   -o CMakeFiles/cmTryCompileExec4171612665.dir/src.cxx.o -c /home/mathieu/Documents/Fac/TP/TGESI/build-mitsuba-Desktop-Default/CMakeFiles/CMakeTmp/src.cxx
Linking CXX executable cmTryCompileExec4171612665
/usr/bin/cmake -E cmake_link_script CMakeFiles/cmTryCompileExec4171612665.dir/link.txt --verbose=1
/usr/bin/c++   -fvisibility=hidden -pipe -march=nocona -ffast-math -Wall -Winvalid-pch -mfpmath=sse  -DOpenMP_FLAG_DETECTED -fopenmp    CMakeFiles/cmTryCompileExec4171612665.dir/src.cxx.o  -o cmTryCompileExec4171612665 -rdynamic -lGLU -lGL -lSM -lICE -lX11 -lXext -lGLEWmx 
make[1]: quittant le répertoire « /home/mathieu/Documents/Fac/TP/TGESI/build-mitsuba-Desktop-Default/CMakeFiles/CMakeTmp »

Source file was:

#include <omp.h>
int main() {
#ifdef _OPENMP
  return 0;
#else
  breaks_on_purpose
#endif
}

