Determining if the Q_WS_WIN exist failed with the following output:
Change Dir: /home/mathieu/Documents/Fac/TP/TGESI/build-mitsuba-Desktop-Default/CMakeFiles/CMakeTmp

Run Build Command:/usr/bin/make "cmTryCompileExec2121655043/fast"
/usr/bin/make -f CMakeFiles/cmTryCompileExec2121655043.dir/build.make CMakeFiles/cmTryCompileExec2121655043.dir/build
make[1]: entrant dans le répertoire « /home/mathieu/Documents/Fac/TP/TGESI/build-mitsuba-Desktop-Default/CMakeFiles/CMakeTmp »
/usr/bin/cmake -E cmake_progress_report /home/mathieu/Documents/Fac/TP/TGESI/build-mitsuba-Desktop-Default/CMakeFiles/CMakeTmp/CMakeFiles 1
Building CXX object CMakeFiles/cmTryCompileExec2121655043.dir/CheckSymbolExists.cxx.o
/usr/bin/c++    -fvisibility=hidden -pipe -march=nocona -ffast-math -Wall -Winvalid-pch -mfpmath=sse   -I/usr/include/qt4    -o CMakeFiles/cmTryCompileExec2121655043.dir/CheckSymbolExists.cxx.o -c /home/mathieu/Documents/Fac/TP/TGESI/build-mitsuba-Desktop-Default/CMakeFiles/CMakeTmp/CheckSymbolExists.cxx
/home/mathieu/Documents/Fac/TP/TGESI/build-mitsuba-Desktop-Default/CMakeFiles/CMakeTmp/CheckSymbolExists.cxx: In function ‘int main(int, char**)’:
/home/mathieu/Documents/Fac/TP/TGESI/build-mitsuba-Desktop-Default/CMakeFiles/CMakeTmp/CheckSymbolExists.cxx:8:19: error: ‘Q_WS_WIN’ was not declared in this scope
   return ((int*)(&Q_WS_WIN))[argc];
                   ^
make[1]: *** [CMakeFiles/cmTryCompileExec2121655043.dir/CheckSymbolExists.cxx.o] Erreur 1
make[1]: quittant le répertoire « /home/mathieu/Documents/Fac/TP/TGESI/build-mitsuba-Desktop-Default/CMakeFiles/CMakeTmp »
make: *** [cmTryCompileExec2121655043/fast] Erreur 2

File /home/mathieu/Documents/Fac/TP/TGESI/build-mitsuba-Desktop-Default/CMakeFiles/CMakeTmp/CheckSymbolExists.cxx:
/* */
#include <QtCore/qglobal.h>

int main(int argc, char** argv)
{
  (void)argv;
#ifndef Q_WS_WIN
  return ((int*)(&Q_WS_WIN))[argc];
#else
  (void)argc;
  return 0;
#endif
}

Determining if the Q_WS_QWS exist failed with the following output:
Change Dir: /home/mathieu/Documents/Fac/TP/TGESI/build-mitsuba-Desktop-Default/CMakeFiles/CMakeTmp

Run Build Command:/usr/bin/make "cmTryCompileExec2679085987/fast"
/usr/bin/make -f CMakeFiles/cmTryCompileExec2679085987.dir/build.make CMakeFiles/cmTryCompileExec2679085987.dir/build
make[1]: entrant dans le répertoire « /home/mathieu/Documents/Fac/TP/TGESI/build-mitsuba-Desktop-Default/CMakeFiles/CMakeTmp »
/usr/bin/cmake -E cmake_progress_report /home/mathieu/Documents/Fac/TP/TGESI/build-mitsuba-Desktop-Default/CMakeFiles/CMakeTmp/CMakeFiles 1
Building CXX object CMakeFiles/cmTryCompileExec2679085987.dir/CheckSymbolExists.cxx.o
/usr/bin/c++    -fvisibility=hidden -pipe -march=nocona -ffast-math -Wall -Winvalid-pch -mfpmath=sse   -I/usr/include/qt4    -o CMakeFiles/cmTryCompileExec2679085987.dir/CheckSymbolExists.cxx.o -c /home/mathieu/Documents/Fac/TP/TGESI/build-mitsuba-Desktop-Default/CMakeFiles/CMakeTmp/CheckSymbolExists.cxx
/home/mathieu/Documents/Fac/TP/TGESI/build-mitsuba-Desktop-Default/CMakeFiles/CMakeTmp/CheckSymbolExists.cxx: In function ‘int main(int, char**)’:
/home/mathieu/Documents/Fac/TP/TGESI/build-mitsuba-Desktop-Default/CMakeFiles/CMakeTmp/CheckSymbolExists.cxx:8:19: error: ‘Q_WS_QWS’ was not declared in this scope
   return ((int*)(&Q_WS_QWS))[argc];
                   ^
make[1]: *** [CMakeFiles/cmTryCompileExec2679085987.dir/CheckSymbolExists.cxx.o] Erreur 1
make[1]: quittant le répertoire « /home/mathieu/Documents/Fac/TP/TGESI/build-mitsuba-Desktop-Default/CMakeFiles/CMakeTmp »
make: *** [cmTryCompileExec2679085987/fast] Erreur 2

File /home/mathieu/Documents/Fac/TP/TGESI/build-mitsuba-Desktop-Default/CMakeFiles/CMakeTmp/CheckSymbolExists.cxx:
/* */
#include <QtCore/qglobal.h>

int main(int argc, char** argv)
{
  (void)argv;
#ifndef Q_WS_QWS
  return ((int*)(&Q_WS_QWS))[argc];
#else
  (void)argc;
  return 0;
#endif
}

Determining if the Q_WS_MAC exist failed with the following output:
Change Dir: /home/mathieu/Documents/Fac/TP/TGESI/build-mitsuba-Desktop-Default/CMakeFiles/CMakeTmp

Run Build Command:/usr/bin/make "cmTryCompileExec2718351446/fast"
/usr/bin/make -f CMakeFiles/cmTryCompileExec2718351446.dir/build.make CMakeFiles/cmTryCompileExec2718351446.dir/build
make[1]: entrant dans le répertoire « /home/mathieu/Documents/Fac/TP/TGESI/build-mitsuba-Desktop-Default/CMakeFiles/CMakeTmp »
/usr/bin/cmake -E cmake_progress_report /home/mathieu/Documents/Fac/TP/TGESI/build-mitsuba-Desktop-Default/CMakeFiles/CMakeTmp/CMakeFiles 1
Building CXX object CMakeFiles/cmTryCompileExec2718351446.dir/CheckSymbolExists.cxx.o
/usr/bin/c++    -fvisibility=hidden -pipe -march=nocona -ffast-math -Wall -Winvalid-pch -mfpmath=sse   -I/usr/include/qt4    -o CMakeFiles/cmTryCompileExec2718351446.dir/CheckSymbolExists.cxx.o -c /home/mathieu/Documents/Fac/TP/TGESI/build-mitsuba-Desktop-Default/CMakeFiles/CMakeTmp/CheckSymbolExists.cxx
/home/mathieu/Documents/Fac/TP/TGESI/build-mitsuba-Desktop-Default/CMakeFiles/CMakeTmp/CheckSymbolExists.cxx: In function ‘int main(int, char**)’:
/home/mathieu/Documents/Fac/TP/TGESI/build-mitsuba-Desktop-Default/CMakeFiles/CMakeTmp/CheckSymbolExists.cxx:8:19: error: ‘Q_WS_MAC’ was not declared in this scope
   return ((int*)(&Q_WS_MAC))[argc];
                   ^
make[1]: *** [CMakeFiles/cmTryCompileExec2718351446.dir/CheckSymbolExists.cxx.o] Erreur 1
make[1]: quittant le répertoire « /home/mathieu/Documents/Fac/TP/TGESI/build-mitsuba-Desktop-Default/CMakeFiles/CMakeTmp »
make: *** [cmTryCompileExec2718351446/fast] Erreur 2

File /home/mathieu/Documents/Fac/TP/TGESI/build-mitsuba-Desktop-Default/CMakeFiles/CMakeTmp/CheckSymbolExists.cxx:
/* */
#include <QtCore/qglobal.h>

int main(int argc, char** argv)
{
  (void)argv;
#ifndef Q_WS_MAC
  return ((int*)(&Q_WS_MAC))[argc];
#else
  (void)argc;
  return 0;
#endif
}

Determining if the pthread_create exist failed with the following output:
Change Dir: /home/mathieu/Documents/Fac/TP/TGESI/build-mitsuba-Desktop-Default/CMakeFiles/CMakeTmp

Run Build Command:/usr/bin/make "cmTryCompileExec1181956898/fast"
/usr/bin/make -f CMakeFiles/cmTryCompileExec1181956898.dir/build.make CMakeFiles/cmTryCompileExec1181956898.dir/build
make[1]: entrant dans le répertoire « /home/mathieu/Documents/Fac/TP/TGESI/build-mitsuba-Desktop-Default/CMakeFiles/CMakeTmp »
/usr/bin/cmake -E cmake_progress_report /home/mathieu/Documents/Fac/TP/TGESI/build-mitsuba-Desktop-Default/CMakeFiles/CMakeTmp/CMakeFiles 1
Building C object CMakeFiles/cmTryCompileExec1181956898.dir/CheckSymbolExists.c.o
/usr/bin/cc    -o CMakeFiles/cmTryCompileExec1181956898.dir/CheckSymbolExists.c.o   -c /home/mathieu/Documents/Fac/TP/TGESI/build-mitsuba-Desktop-Default/CMakeFiles/CMakeTmp/CheckSymbolExists.c
Linking C executable cmTryCompileExec1181956898
/usr/bin/cmake -E cmake_link_script CMakeFiles/cmTryCompileExec1181956898.dir/link.txt --verbose=1
/usr/bin/cc       CMakeFiles/cmTryCompileExec1181956898.dir/CheckSymbolExists.c.o  -o cmTryCompileExec1181956898 -rdynamic 
CMakeFiles/cmTryCompileExec1181956898.dir/CheckSymbolExists.c.o: dans la fonction « main »:
CheckSymbolExists.c:(.text+0x16): référence indéfinie vers « pthread_create »
collect2: error: ld returned 1 exit status
make[1]: *** [cmTryCompileExec1181956898] Erreur 1
make[1]: quittant le répertoire « /home/mathieu/Documents/Fac/TP/TGESI/build-mitsuba-Desktop-Default/CMakeFiles/CMakeTmp »
make: *** [cmTryCompileExec1181956898/fast] Erreur 2

File /home/mathieu/Documents/Fac/TP/TGESI/build-mitsuba-Desktop-Default/CMakeFiles/CMakeTmp/CheckSymbolExists.c:
/* */
#include <pthread.h>

int main(int argc, char** argv)
{
  (void)argv;
#ifndef pthread_create
  return ((int*)(&pthread_create))[argc];
#else
  (void)argc;
  return 0;
#endif
}

Determining if the function pthread_create exists in the pthreads failed with the following output:
Change Dir: /home/mathieu/Documents/Fac/TP/TGESI/build-mitsuba-Desktop-Default/CMakeFiles/CMakeTmp

Run Build Command:/usr/bin/make "cmTryCompileExec2684477126/fast"
/usr/bin/make -f CMakeFiles/cmTryCompileExec2684477126.dir/build.make CMakeFiles/cmTryCompileExec2684477126.dir/build
make[1]: entrant dans le répertoire « /home/mathieu/Documents/Fac/TP/TGESI/build-mitsuba-Desktop-Default/CMakeFiles/CMakeTmp »
/usr/bin/cmake -E cmake_progress_report /home/mathieu/Documents/Fac/TP/TGESI/build-mitsuba-Desktop-Default/CMakeFiles/CMakeTmp/CMakeFiles 1
Building C object CMakeFiles/cmTryCompileExec2684477126.dir/CheckFunctionExists.c.o
/usr/bin/cc   -DCHECK_FUNCTION_EXISTS=pthread_create   -o CMakeFiles/cmTryCompileExec2684477126.dir/CheckFunctionExists.c.o   -c /usr/share/cmake-2.8/Modules/CheckFunctionExists.c
Linking C executable cmTryCompileExec2684477126
/usr/bin/cmake -E cmake_link_script CMakeFiles/cmTryCompileExec2684477126.dir/link.txt --verbose=1
/usr/bin/cc   -DCHECK_FUNCTION_EXISTS=pthread_create    CMakeFiles/cmTryCompileExec2684477126.dir/CheckFunctionExists.c.o  -o cmTryCompileExec2684477126 -rdynamic -lpthreads 
/usr/bin/ld: ne peut trouver -lpthreads
collect2: error: ld returned 1 exit status
make[1]: *** [cmTryCompileExec2684477126] Erreur 1
make[1]: quittant le répertoire « /home/mathieu/Documents/Fac/TP/TGESI/build-mitsuba-Desktop-Default/CMakeFiles/CMakeTmp »
make: *** [cmTryCompileExec2684477126/fast] Erreur 2


